<?xml version="1.0" encoding="UTF-8"?>
<!-- Generated by org.testng.reporters.JUnitReportReporter -->
<testsuite hostname="DESKTOP-CFCNF77" name="DeepakAcademy.DeepakE2EProject.validateLandingPage" tests="1" failures="0" timestamp="4 May 2019 11:22:37 GMT" time="6.629" errors="0">
  <testcase name="basePageNavigation" time="6.629" classname="DeepakAcademy.DeepakE2EProject.validateLandingPage"/>
</testsuite> <!-- DeepakAcademy.DeepakE2EProject.validateLandingPage -->
