<?xml version="1.0" encoding="UTF-8"?>
<!-- Generated by org.testng.reporters.JUnitReportReporter -->
<testsuite hostname="DESKTOP-CFCNF77" name="DeepakAcademy.DeepakE2EProject.homePage" tests="2" failures="0" timestamp="4 May 2019 11:22:37 GMT" time="25.091" errors="0">
  <testcase name="basePageNavigation" time="11.921" classname="DeepakAcademy.DeepakE2EProject.homePage"/>
  <testcase name="basePageNavigation" time="13.170" classname="DeepakAcademy.DeepakE2EProject.homePage"/>
</testsuite> <!-- DeepakAcademy.DeepakE2EProject.homePage -->
