<?xml version="1.0" encoding="UTF-8"?>
<!-- Generated by org.testng.reporters.JUnitReportReporter -->
<testsuite skipped="0" hostname="DESKTOP-CFCNF77" name="testNG_2.TestA" tests="1" failures="0" timestamp="15 May 2019 00:00:04 GMT" time="0.002" errors="0">
  <testcase name="testANG_2" time="0.002" classname="testNG_2.TestA"/>
</testsuite> <!-- testNG_2.TestA -->
