<?xml version="1.0" encoding="UTF-8"?>
<!-- Generated by org.testng.reporters.JUnitReportReporter -->
<testsuite skipped="0" hostname="DESKTOP-CFCNF77" name="testNG_1.TestB" tests="1" failures="0" timestamp="15 May 2019 00:00:04 GMT" time="0.007" errors="0">
  <testcase name="testBNG_1" time="0.007" classname="testNG_1.TestB"/>
</testsuite> <!-- testNG_1.TestB -->
