<?xml version="1.0" encoding="UTF-8"?>
<!-- Generated by org.testng.reporters.JUnitReportReporter -->
<testsuite skipped="0" hostname="DESKTOP-CFCNF77" name="testNG_1.TestA" tests="3" failures="0" timestamp="15 May 2019 00:00:04 GMT" time="0.025" errors="0">
  <testcase name="testANG_1" time="0.005" classname="testNG_1.TestA"/>
  <testcase name="testA2NG_1" time="0.017" classname="testNG_1.TestA"/>
  <testcase name="testA3NG_1" time="0.003" classname="testNG_1.TestA"/>
</testsuite> <!-- testNG_1.TestA -->
