<?xml version="1.0" encoding="UTF-8"?>
<!-- Generated by org.testng.reporters.JUnitReportReporter -->
<testsuite skipped="0" hostname="DESKTOP-CFCNF77" name="testNG_3.TestA" tests="6" failures="0" timestamp="15 May 2019 00:00:04 GMT" time="0.019" errors="0">
  <testcase name="testANG_3" time="0.003" classname="testNG_3.TestA"/>
  <testcase name="testA2NG_3" time="0.002" classname="testNG_3.TestA"/>
  <testcase name="testA3NG_3" time="0.004" classname="testNG_3.TestA"/>
  <testcase name="testA2NG_3" time="0.006" classname="testNG_3.TestA"/>
  <testcase name="testA2NG_3" time="0.002" classname="testNG_3.TestA"/>
  <testcase name="testA2NG_3" time="0.002" classname="testNG_3.TestA"/>
</testsuite> <!-- testNG_3.TestA -->
