<?xml version="1.0" encoding="UTF-8"?>
<!-- Generated by org.testng.reporters.JUnitReportReporter -->
<testsuite hostname="DESKTOP-CFCNF77" name="simulatorAndroid" tests="5" failures="0" timestamp="2 Jun 2019 05:23:10 GMT" time="133.639" errors="0">
  <testcase name="swipeTest" time="29.546" classname="simulatorAndroid"/>
  <testcase name="longPress" time="24.311" classname="simulatorAndroid"/>
  <testcase name="basicTest" time="24.545" classname="simulatorAndroid"/>
  <testcase name="testDragAndDrop" time="23.243" classname="simulatorAndroid"/>
  <testcase name="testClock" time="31.994" classname="simulatorAndroid"/>
</testsuite> <!-- simulatorAndroid -->
