<?xml version="1.0" encoding="UTF-8"?>
<!-- Generated by org.testng.reporters.JUnitReportReporter -->
<testsuite hostname="DESKTOP-CFCNF77" name="AndroidTestSimulator.simulatorAndroid" tests="5" failures="0" timestamp="7 Jun 2019 00:05:00 GMT" time="187.113" errors="0">
  <testcase name="swipeTest" time="32.592" classname="AndroidTestSimulator.simulatorAndroid"/>
  <testcase name="longPress" time="33.955" classname="AndroidTestSimulator.simulatorAndroid"/>
  <testcase name="basicTest" time="56.135" classname="AndroidTestSimulator.simulatorAndroid"/>
  <testcase name="testDragAndDrop" time="29.360" classname="AndroidTestSimulator.simulatorAndroid"/>
  <testcase name="testClock" time="35.071" classname="AndroidTestSimulator.simulatorAndroid"/>
</testsuite> <!-- AndroidTestSimulator.simulatorAndroid -->
