<?xml version="1.0" encoding="UTF-8"?>
<!-- Generated by org.testng.reporters.JUnitReportReporter -->
<testsuite hostname="DESKTOP-CFCNF77" name="AndroidTestSimulator.simulatorAndroid" tests="5" failures="0" timestamp="2 Jun 2019 07:03:17 GMT" time="73.056" errors="0">
  <testcase name="swipeTest" time="14.978" classname="AndroidTestSimulator.simulatorAndroid"/>
  <testcase name="testDragAndDrop" time="10.873" classname="AndroidTestSimulator.simulatorAndroid"/>
  <testcase name="longPress" time="13.267" classname="AndroidTestSimulator.simulatorAndroid"/>
  <testcase name="basicTest" time="19.983" classname="AndroidTestSimulator.simulatorAndroid"/>
  <testcase name="testClock" time="13.955" classname="AndroidTestSimulator.simulatorAndroid"/>
</testsuite> <!-- AndroidTestSimulator.simulatorAndroid -->
