<?xml version="1.0" encoding="UTF-8"?>
<!-- Generated by org.testng.reporters.JUnitReportReporter -->
<testsuite skipped="0" hostname="DESKTOP-CFCNF77" name="restAssured.PostDelete" tests="1" failures="0" timestamp="14 May 2019 00:59:08 GMT" time="0.490" errors="0">
  <testcase name="addAndDelete" time="0.490" classname="restAssured.PostDelete"/>
</testsuite> <!-- restAssured.PostDelete -->
