<?xml version="1.0" encoding="UTF-8"?>
<!-- Generated by org.testng.reporters.JUnitReportReporter -->
<testsuite skipped="0" hostname="DESKTOP-CFCNF77" name="DeepakAcademy.mavenRevision.RestTest" tests="2" failures="0" timestamp="14 May 2019 00:59:08 GMT" time="0.002" errors="0">
  <testcase name="restAutomation" time="0.001" classname="DeepakAcademy.mavenRevision.RestTest"/>
  <testcase name="restAPIAutomation" time="0.001" classname="DeepakAcademy.mavenRevision.RestTest"/>
</testsuite> <!-- DeepakAcademy.mavenRevision.RestTest -->
