<?xml version="1.0" encoding="UTF-8"?>
<!-- Generated by org.testng.reporters.JUnitReportReporter -->
<testsuite skipped="0" hostname="DESKTOP-CFCNF77" name="jiraAPI.jiraBasics" tests="1" failures="0" timestamp="14 May 2019 00:59:08 GMT" time="0.244" errors="0">
  <testcase name="jiraAPI" time="0.244" classname="jiraAPI.jiraBasics"/>
</testsuite> <!-- jiraAPI.jiraBasics -->
