<?xml version="1.0" encoding="UTF-8"?>
<!-- Generated by org.testng.reporters.JUnitReportReporter -->
<testsuite skipped="0" hostname="DESKTOP-CFCNF77" name="DeepakAcademy.mavenRevision.AppiumTest" tests="2" failures="0" timestamp="14 May 2019 00:59:08 GMT" time="0.003" errors="0">
  <testcase name="androidAutomation" time="0.002" classname="DeepakAcademy.mavenRevision.AppiumTest"/>
  <testcase name="iosAutomation" time="0.001" classname="DeepakAcademy.mavenRevision.AppiumTest"/>
</testsuite> <!-- DeepakAcademy.mavenRevision.AppiumTest -->
