<?xml version="1.0" encoding="UTF-8"?>
<!-- Generated by org.testng.reporters.JUnitReportReporter -->
<testsuite skipped="0" hostname="DESKTOP-CFCNF77" name="googlePlaceAPI.getPlaceDetails" tests="1" failures="0" timestamp="23 May 2019 05:01:25 GMT" time="3.563" errors="0">
  <testcase name="restTest" time="3.563" classname="googlePlaceAPI.getPlaceDetails"/>
</testsuite> <!-- googlePlaceAPI.getPlaceDetails -->
