<?xml version="1.0" encoding="UTF-8"?>
<!-- Generated by org.testng.reporters.JUnitReportReporter -->
<testsuite skipped="0" hostname="DESKTOP-CFCNF77" name="libraryAPI.staticJson" tests="1" failures="0" timestamp="7 May 2019 03:59:57 GMT" time="2.301" errors="0">
  <testcase name="dynamicJson" time="2.301" classname="libraryAPI.staticJson"/>
</testsuite> <!-- libraryAPI.staticJson -->
