<?xml version="1.0" encoding="UTF-8"?>
<!-- Generated by org.testng.reporters.JUnitReportReporter -->
<testsuite skipped="0" hostname="DESKTOP-CFCNF77" name="JIRArestAPIRevision.AuthenticationMap" tests="1" failures="0" timestamp="25 May 2019 09:46:29 GMT" time="2.668" errors="0">
  <testcase name="getSessionId" time="2.668" classname="JIRArestAPIRevision.AuthenticationMap"/>
</testsuite> <!-- JIRArestAPIRevision.AuthenticationMap -->
