<?xml version="1.0" encoding="UTF-8"?>
<!-- Generated by org.testng.reporters.JUnitReportReporter -->
<testsuite skipped="0" hostname="DESKTOP-CFCNF77" name="googlePlaceAPI.addPlaceXML" tests="1" failures="0" timestamp="23 May 2019 01:46:32 GMT" time="2.759" errors="0">
  <testcase name="addPlace" time="2.759" classname="googlePlaceAPI.addPlaceXML"/>
</testsuite> <!-- googlePlaceAPI.addPlaceXML -->
