<?xml version="1.0" encoding="UTF-8"?>
<!-- Generated by org.testng.reporters.JUnitReportReporter -->
<testsuite skipped="0" hostname="DESKTOP-CFCNF77" name="restAPIRevision.addComment" tests="2" failures="0" timestamp="25 May 2019 07:40:27 GMT" time="3.021" errors="0">
  <testcase name="addIssue" time="2.921" classname="restAPIRevision.addComment"/>
  <testcase name="addComments" time="0.100" classname="restAPIRevision.addComment"/>
</testsuite> <!-- restAPIRevision.addComment -->
