<?xml version="1.0" encoding="UTF-8"?>
<!-- Generated by org.testng.reporters.JUnitReportReporter -->
<testsuite skipped="0" hostname="DESKTOP-CFCNF77" name="googlePlaceAPI.addPlace" tests="1" failures="0" timestamp="23 May 2019 00:18:07 GMT" time="1.940" errors="0">
  <testcase name="addPlace" time="1.940" classname="googlePlaceAPI.addPlace"/>
</testsuite> <!-- googlePlaceAPI.addPlace -->
