<?xml version="1.0" encoding="UTF-8"?>
<!-- Generated by org.testng.reporters.JUnitReportReporter -->
<testsuite skipped="0" hostname="DESKTOP-CFCNF77" name="googlePlaceAPI.deletePlaceJson" tests="1" failures="0" timestamp="23 May 2019 02:38:21 GMT" time="3.417" errors="0">
  <testcase name="addDelete" time="3.417" classname="googlePlaceAPI.deletePlaceJson"/>
</testsuite> <!-- googlePlaceAPI.deletePlaceJson -->
