<?xml version="1.0" encoding="UTF-8"?>
<!-- Generated by org.testng.reporters.JUnitReportReporter -->
<testsuite skipped="0" hostname="DESKTOP-CFCNF77" name="restAssured.Post_xml" tests="1" failures="0" timestamp="7 May 2019 00:55:08 GMT" time="2.164" errors="0">
  <testcase name="testData" time="2.164" classname="restAssured.Post_xml"/>
</testsuite> <!-- restAssured.Post_xml -->
