<?xml version="1.0" encoding="UTF-8"?>
<!-- Generated by org.testng.reporters.JUnitReportReporter -->
<testsuite skipped="0" hostname="DESKTOP-CFCNF77" name="googlePlaceAPI.getPlaceDetails" tests="1" failures="0" timestamp="21 May 2019 15:47:37 GMT" time="5.529" errors="0">
  <testcase name="restTest" time="5.529" classname="googlePlaceAPI.getPlaceDetails"/>
</testsuite> <!-- googlePlaceAPI.getPlaceDetails -->
