<?xml version="1.0" encoding="UTF-8"?>
<!-- Generated by org.testng.reporters.JUnitReportReporter -->
<testsuite skipped="0" hostname="DESKTOP-CFCNF77" name="restAPIRevision.getIssues" tests="1" failures="0" timestamp="25 May 2019 07:40:27 GMT" time="2.283" errors="0">
  <testcase name="getIssues" time="2.283" classname="restAPIRevision.getIssues"/>
</testsuite> <!-- restAPIRevision.getIssues -->
