<?xml version="1.0" encoding="UTF-8"?>
<!-- Generated by org.testng.reporters.JUnitReportReporter -->
<testsuite skipped="0" hostname="DESKTOP-CFCNF77" name="googlePlaceAPI.getPlaceDetailsXML" tests="1" failures="0" timestamp="23 May 2019 01:17:11 GMT" time="2.931" errors="0">
  <testcase name="restTest" time="2.931" classname="googlePlaceAPI.getPlaceDetailsXML"/>
</testsuite> <!-- googlePlaceAPI.getPlaceDetailsXML -->
