<?xml version="1.0" encoding="UTF-8"?>
<!-- Generated by org.testng.reporters.JUnitReportReporter -->
<testsuite skipped="0" hostname="DESKTOP-CFCNF77" name="googlePlaceAPI.deletePlace" tests="1" failures="0" timestamp="23 May 2019 01:52:35 GMT" time="2.308" errors="0">
  <testcase name="addDelete" time="2.308" classname="googlePlaceAPI.deletePlace"/>
</testsuite> <!-- googlePlaceAPI.deletePlace -->
