<?xml version="1.0" encoding="UTF-8"?>
<!-- Generated by org.testng.reporters.JUnitReportReporter -->
<testsuite hostname="DESKTOP-CFCNF77" name="CucumberOptions.TestRunner" tests="1" failures="0" timestamp="30 Apr 2019 01:19:31 GMT" time="0.240" errors="0">
  <testcase name="feature" time="0.240" classname="CucumberOptions.TestRunner"/>
</testsuite> <!-- CucumberOptions.TestRunner -->
