<?xml version="1.0" encoding="UTF-8"?>
<!-- Generated by org.testng.reporters.JUnitReportReporter -->
<testsuite hostname="DESKTOP-CFCNF77" name="DeepakAcademy.DeepakE2EProject.homePage" tests="2" failures="0" timestamp="24 May 2019 03:49:21 GMT" time="27.230" errors="0">
  <testcase name="basePageNavigation" time="12.178" classname="DeepakAcademy.DeepakE2EProject.homePage"/>
  <testcase name="basePageNavigation" time="15.052" classname="DeepakAcademy.DeepakE2EProject.homePage"/>
</testsuite> <!-- DeepakAcademy.DeepakE2EProject.homePage -->
