<?xml version="1.0" encoding="UTF-8"?>
<!-- Generated by org.testng.reporters.JUnitReportReporter -->
<testsuite hostname="DESKTOP-CFCNF77" name="DeepakAcademy.DeepakE2EProject.validateLandingPage" tests="1" failures="0" timestamp="24 May 2019 03:49:21 GMT" time="6.540" errors="0">
  <testcase name="basePageNavigation" time="6.540" classname="DeepakAcademy.DeepakE2EProject.validateLandingPage"/>
</testsuite> <!-- DeepakAcademy.DeepakE2EProject.validateLandingPage -->
