<?xml version="1.0" encoding="UTF-8"?>
<!-- Generated by org.testng.reporters.JUnitReportReporter -->
<testsuite skipped="0" hostname="DESKTOP-CFCNF77" name="day1" tests="1" failures="0" timestamp="20 Jun 2019 23:24:25 GMT" time="0.043" errors="0">
  <testcase name="testngDemo" time="0.043" classname="day1"/>
</testsuite> <!-- day1 -->
