<?xml version="1.0" encoding="UTF-8"?>
<!-- Generated by org.testng.reporters.JUnitReportReporter -->
<testsuite skipped="0" hostname="DESKTOP-CFCNF77" name="com.Deepak.testNG.day1" tests="1" failures="0" timestamp="21 Jun 2019 00:36:26 GMT" time="0.016" errors="0">
  <testcase name="testngDemo" time="0.016" classname="com.Deepak.testNG.day1"/>
</testsuite> <!-- com.Deepak.testNG.day1 -->
