<?xml version="1.0" encoding="UTF-8"?>
<!-- Generated by org.testng.reporters.JUnitReportReporter -->
<testsuite skipped="0" hostname="DESKTOP-CFCNF77" name="com.Deepak.testNG.day4" tests="2" failures="0" timestamp="20 Jun 2019 23:43:05 GMT" time="0.006" errors="0">
  <testcase name="testngDemoSecondDay4" time="0.004" classname="com.Deepak.testNG.day4"/>
  <testcase name="testngDemoDay4" time="0.002" classname="com.Deepak.testNG.day4"/>
</testsuite> <!-- com.Deepak.testNG.day4 -->
