<?xml version="1.0" encoding="UTF-8"?>
<!-- Generated by org.testng.reporters.JUnitReportReporter -->
<testsuite skipped="0" hostname="DESKTOP-CFCNF77" name="com.Deepak.secondTestNg.day3" tests="2" failures="0" timestamp="20 Jun 2019 23:46:32 GMT" time="0.007" errors="0">
  <testcase name="testngDemoDay3" time="0.002" classname="com.Deepak.secondTestNg.day3"/>
  <testcase name="testngDemoSecondDay3" time="0.005" classname="com.Deepak.secondTestNg.day3"/>
</testsuite> <!-- com.Deepak.secondTestNg.day3 -->
