<?xml version="1.0" encoding="UTF-8"?>
<!-- Generated by org.testng.reporters.JUnitReportReporter -->
<testsuite skipped="0" hostname="DESKTOP-CFCNF77" name="com.Deepak.secondTestNg.day2" tests="2" failures="0" timestamp="20 Jun 2019 23:46:32 GMT" time="0.007" errors="0">
  <testcase name="testngDemoDay2" time="0.003" classname="com.Deepak.secondTestNg.day2"/>
  <testcase name="testngDemoSecondDay2" time="0.004" classname="com.Deepak.secondTestNg.day2"/>
</testsuite> <!-- com.Deepak.secondTestNg.day2 -->
