<?xml version="1.0" encoding="UTF-8"?>
<!-- Generated by org.testng.reporters.JUnitReportReporter -->
<testsuite skipped="0" hostname="DESKTOP-CFCNF77" name="com.Deepak.testNG.day3" tests="3" failures="0" timestamp="21 Jun 2019 00:36:26 GMT" time="0.014" errors="0">
  <testcase name="testngDemoSecondDay3" time="0.005" classname="com.Deepak.testNG.day3"/>
  <testcase name="testngDemoDay3" time="0.006" classname="com.Deepak.testNG.day3"/>
  <testcase name="testngDemoSecondDay3" time="0.003" classname="com.Deepak.testNG.day3"/>
</testsuite> <!-- com.Deepak.testNG.day3 -->
