<?xml version="1.0" encoding="UTF-8"?>
<!-- Generated by org.testng.reporters.JUnitReportReporter -->
<testsuite skipped="0" hostname="DESKTOP-CFCNF77" name="com.Deepak.secondTestNg.day1" tests="2" failures="0" timestamp="20 Jun 2019 23:55:54 GMT" time="0.008" errors="0">
  <testcase name="testngDemoSecond" time="0.005" classname="com.Deepak.secondTestNg.day1"/>
  <testcase name="testngDemo" time="0.003" classname="com.Deepak.secondTestNg.day1"/>
</testsuite> <!-- com.Deepak.secondTestNg.day1 -->
