<?xml version="1.0" encoding="UTF-8"?>
<!-- Generated by org.testng.reporters.JUnitReportReporter -->
<testsuite hostname="DESKTOP-CFCNF77" name="CucumberOptions.TestRunner" tests="1" failures="0" timestamp="30 Apr 2019 04:09:45 GMT" time="61.983" errors="0">
  <testcase name="feature" time="61.983" classname="CucumberOptions.TestRunner"/>
</testsuite> <!-- CucumberOptions.TestRunner -->
